<?xml version="1.0" encoding="UTF-8"?>
<!-- Generated by org.testng.reporters.JUnitReportReporter -->
<testsuite hostname="DESKTOP-L3NR72S" failures="0" tests="2" name="neoStoxTest.ValidateNeoStoxAccBalance2" time="89.760" errors="0" timestamp="2022-12-03T13:21:34 IST" skipped="0">
  <testcase classname="neoStoxTest.ValidateNeoStoxAccBalance2" name="validateAccBalance" time="62.382"/>
  <system-out>
    <![CDATA[Waiting for 2000 ms
getting accbalance
Account balance isRs.5,00,000.00
Waiting for 2000 ms
getting accbalance
Account balance isRs.5,00,000.00
Ac balance isRs.5,00,000.00
TC validateAccBalance success]]>
  </system-out>
  <testcase classname="neoStoxTest.ValidateNeoStoxAccBalance2" name="validateUserID" time="27.378"/>
  <system-out>
    <![CDATA[Waiting for 2000 ms
getting actual user name
Reading userNamefrom property file
TC validateUserID success]]>
  </system-out>
</testsuite> <!-- neoStoxTest.ValidateNeoStoxAccBalance2 -->
